[2015-07-30 19:26:04] START
[2015-07-30 19:26:04] EDIT dubsmaniadataserver/models/db.py: 7
[2015-07-30 19:27:10] EDIT dubsmaniadataserver/models/db.py: -4
[2015-07-30 19:27:16] EDIT dubsmaniadataserver/models/db.py: 0
[2015-07-30 19:33:09] CREATE veido.py: 0
[2015-07-30 19:44:21] EDIT dubsmaniadataserver/controllers/searchservice.py: 0
[2015-07-30 19:44:38] EDIT dubsmaniadataserver/controllers/searchservice.py: 1
[2015-07-30 19:45:19] EDIT dubsmaniadataserver/controllers/userservice.py: 0
[2015-07-30 19:49:36] DELETE dubsmaniadataserver/controllers/default.py: -7
[2015-07-30 19:49:58] DELETE dubsmaniadataserver/languages/cs.py: -479
[2015-07-30 19:50:03] DELETE dubsmaniadataserver/languages/default.py: -121
[2015-07-30 19:50:08] DELETE dubsmaniadataserver/languages/es.py: -385
[2015-07-30 19:50:13] DELETE dubsmaniadataserver/languages/fr.py: -189
[2015-07-30 19:50:18] DELETE dubsmaniadataserver/languages/fr-ca.py: -194
[2015-07-30 19:50:23] DELETE dubsmaniadataserver/languages/hi.py: -148
[2015-07-30 19:52:02] DELETE dubsmaniadataserver/views/generic.pdf: -11
[2015-07-30 19:52:09] DELETE dubsmaniadataserver/views/generic.rss: -2
[2015-07-30 20:46:55] EDIT dubsmaniadataserver/controllers/userservice.py: 0
[2015-07-30 20:57:15] EDIT dubsmaniadataserver/controllers/userservice.py: 0
[2015-07-30 21:05:06] EDIT dubsmaniadataserver/controllers/userservice.py: 0
[2015-07-30 21:08:12] EDIT dubsmaniadataserver/controllers/userservice.py: -1
[2015-07-30 21:09:09] EDIT dubsmaniadataserver/controllers/userservice.py: 1
[2015-07-31 12:31:06] EDIT dubsmaniadataserver/controllers/userservice.py: 1
[2015-07-31 12:31:47] EDIT dubsmaniadataserver/controllers/userservice.py: 0
[2015-07-31 12:31:57] EDIT dubsmaniadataserver/controllers/userservice.py: 0
[2015-07-31 12:33:34] EDIT dubsmaniadataserver/controllers/userservice.py: 0
[2015-07-31 12:42:09] EDIT dubsmaniadataserver/controllers/userservice.py: 0
[2015-07-31 12:42:25] EDIT dubsmaniadataserver/controllers/userservice.py: 0
[2015-07-31 12:42:55] EDIT dubsmaniadataserver/controllers/userservice.py: 0
[2015-07-31 12:43:32] EDIT dubsmaniadataserver/controllers/userservice.py: 0
[2015-07-31 12:44:58] EDIT dubsmaniadataserver/controllers/userservice.py: 0
[2015-07-31 12:45:10] EDIT dubsmaniadataserver/controllers/userservice.py: 0
[2015-07-31 12:45:20] EDIT dubsmaniadataserver/controllers/userservice.py: 0
[2015-07-31 12:45:50] EDIT dubsmaniadataserver/controllers/userservice.py: -1
[2015-07-31 12:47:29] EDIT dubsmaniadataserver/models/video.py: 0
[2015-07-31 12:48:08] EDIT dubsmaniadataserver/models/video.py: 0
[2015-07-31 12:51:03] EDIT dubsmaniadataserver/models/video.py: 0
[2015-07-31 12:51:20] EDIT dubsmaniadataserver/models/video.py: 0
[2015-07-31 12:51:32] EDIT dubsmaniadataserver/models/video.py: 0
[2015-07-31 12:53:32] EDIT dubsmaniadataserver/models/video.py: 1
[2015-07-31 12:54:00] EDIT dubsmaniadataserver/models/video.py: 0
[2015-07-31 13:04:27] EDIT dubsmaniadataserver/models/video.py: 0
[2015-07-31 13:06:25] EDIT dubsmaniadataserver/models/video.py: 0
[2015-07-31 13:06:33] EDIT dubsmaniadataserver/models/video.py: 0
[2015-07-31 13:08:09] EDIT dubsmaniadataserver/models/video.py: 0
[2015-07-31 13:08:14] EDIT dubsmaniadataserver/models/video.py: 0
[2015-07-31 13:08:19] EDIT dubsmaniadataserver/models/video.py: 0
[2015-07-31 13:08:32] EDIT dubsmaniadataserver/models/video.py: 0
[2015-07-31 13:09:28] EDIT dubsmaniadataserver/models/video.py: 0
[2015-07-31 13:22:34] EDIT dubsmaniadataserver/models/video.py: 1
[2015-07-31 13:24:40] EDIT dubsmaniadataserver/models/video.py: 1
[2015-07-31 13:24:51] EDIT dubsmaniadataserver/models/video.py: 0
[2015-07-31 13:50:28] EDIT dubsmaniadataserver/models/video.py: 0
[2015-07-31 13:55:01] EDIT dubsmaniadataserver/models/video.py: 0
[2015-07-31 13:57:34] EDIT dubsmaniadataserver/models/video.py: 0
[2015-07-31 13:58:01] EDIT dubsmaniadataserver/models/video.py: 0
[2015-07-31 13:58:36] EDIT dubsmaniadataserver/models/video.py: 0
[2015-07-31 14:03:41] EDIT dubsmaniadataserver/models/video.py: 1
[2015-07-31 14:03:45] EDIT dubsmaniadataserver/models/video.py: 0
[2015-07-31 14:04:14] EDIT dubsmaniadataserver/models/video.py: 0
[2015-07-31 14:04:46] EDIT dubsmaniadataserver/models/video.py: 0
[2015-07-31 14:05:54] EDIT dubsmaniadataserver/models/video.py: 0
[2015-07-31 14:13:45] EDIT dubsmaniadataserver/controllers/searchservice.py: 0
[2015-07-31 14:14:20] EDIT dubsmaniadataserver/controllers/searchservice.py: 0
[2015-07-31 14:14:40] EDIT dubsmaniadataserver/controllers/searchservice.py: 0
[2015-07-31 14:14:54] EDIT dubsmaniadataserver/controllers/searchservice.py: 0
[2015-07-31 14:15:07] EDIT dubsmaniadataserver/controllers/searchservice.py: 0
[2015-07-31 14:15:29] EDIT dubsmaniadataserver/controllers/searchservice.py: 0
[2015-07-31 14:16:06] EDIT dubsmaniadataserver/controllers/searchservice.py: 0
[2015-07-31 14:30:11] EDIT dubsmaniadataserver/controllers/searchservice.py: 0
[2015-07-31 14:30:32] EDIT dubsmaniadataserver/controllers/searchservice.py: 0
[2015-07-31 14:30:56] EDIT dubsmaniadataserver/controllers/searchservice.py: 0
[2015-07-31 15:50:14] EDIT dubsmaniadataserver/controllers/searchservice.py: 0
[2015-07-31 15:50:42] EDIT dubsmaniadataserver/controllers/searchservice.py: 1
[2015-07-31 15:53:24] EDIT dubsmaniadataserver/controllers/searchservice.py: 0
[2015-07-31 15:54:23] EDIT dubsmaniadataserver/controllers/searchservice.py: 0
[2015-07-31 15:54:58] EDIT dubsmaniadataserver/controllers/searchservice.py: 0
[2015-07-31 15:55:22] EDIT dubsmaniadataserver/controllers/searchservice.py: 0
[2015-07-31 15:55:26] EDIT dubsmaniadataserver/controllers/searchservice.py: 0
[2015-07-31 15:55:46] EDIT dubsmaniadataserver/controllers/searchservice.py: 0
[2015-07-31 15:56:49] EDIT dubsmaniadataserver/controllers/searchservice.py: 0
[2015-07-31 15:58:15] EDIT dubsmaniadataserver/controllers/searchservice.py: 3
[2015-07-31 16:01:31] EDIT dubsmaniadataserver/controllers/searchservice.py: 1
[2015-07-31 16:02:24] EDIT dubsmaniadataserver/controllers/searchservice.py: -2
[2015-07-31 16:02:39] EDIT dubsmaniadataserver/controllers/searchservice.py: 0
[2015-07-31 16:03:15] EDIT dubsmaniadataserver/controllers/searchservice.py: 0
[2015-07-31 16:03:20] EDIT dubsmaniadataserver/controllers/searchservice.py: 0
[2015-07-31 17:03:56] EDIT dubsmaniadataserver/controllers/searchservice.py: 1
[2015-07-31 17:04:20] EDIT dubsmaniadataserver/controllers/searchservice.py: -1
[2015-08-02 19:53:19] EDIT dubsmaniadataserver/controllers/userservice.py: 7
[2015-08-02 19:54:42] EDIT dubsmaniadataserver/controllers/userservice.py: 7
[2015-08-02 19:54:49] EDIT dubsmaniadataserver/controllers/userservice.py: 0
[2015-08-02 20:01:05] EDIT dubsmaniadataserver/controllers/userservice.py: 0
[2015-08-02 20:02:55] EDIT dubsmaniadataserver/controllers/userservice.py: 1
[2015-08-02 20:05:07] EDIT dubsmaniadataserver/controllers/userservice.py: 2
[2015-08-02 20:05:25] EDIT dubsmaniadataserver/controllers/userservice.py: -1
[2015-08-02 20:06:42] EDIT dubsmaniadataserver/controllers/userservice.py: 2
[2015-08-02 20:06:57] EDIT dubsmaniadataserver/controllers/userservice.py: 0
[2015-08-02 20:07:08] EDIT dubsmaniadataserver/controllers/userservice.py: 0
[2015-08-02 20:07:29] EDIT dubsmaniadataserver/controllers/userservice.py: 0
[2015-08-02 20:08:31] EDIT dubsmaniadataserver/controllers/userservice.py: 0
[2015-08-02 20:09:27] EDIT dubsmaniadataserver/controllers/userservice.py: 0
[2015-08-02 20:09:39] EDIT dubsmaniadataserver/controllers/userservice.py: 0
